

Started GET "/" for ::1 at 2017-10-30 16:36:30 +0100

ActiveRecord::NoDatabaseError (FATAL:  database "module2_core_development" does not exist
):
  activerecord (4.2.8) lib/active_record/connection_adapters/postgresql_adapter.rb:661:in `rescue in connect'
  activerecord (4.2.8) lib/active_record/connection_adapters/postgresql_adapter.rb:651:in `connect'
  activerecord (4.2.8) lib/active_record/connection_adapters/postgresql_adapter.rb:242:in `initialize'
  activerecord (4.2.8) lib/active_record/connection_adapters/postgresql_adapter.rb:44:in `new'
  activerecord (4.2.8) lib/active_record/connection_adapters/postgresql_adapter.rb:44:in `postgresql_connection'
  activerecord (4.2.8) lib/active_record/connection_adapters/abstract/connection_pool.rb:438:in `new_connection'
  activerecord (4.2.8) lib/active_record/connection_adapters/abstract/connection_pool.rb:448:in `checkout_new_connection'
  activerecord (4.2.8) lib/active_record/connection_adapters/abstract/connection_pool.rb:422:in `acquire_connection'
  activerecord (4.2.8) lib/active_record/connection_adapters/abstract/connection_pool.rb:349:in `block in checkout'
  /Users/Vangelis/.rbenv/versions/2.2.3/lib/ruby/2.2.0/monitor.rb:211:in `mon_synchronize'
  activerecord (4.2.8) lib/active_record/connection_adapters/abstract/connection_pool.rb:348:in `checkout'
  activerecord (4.2.8) lib/active_record/connection_adapters/abstract/connection_pool.rb:263:in `block in connection'
  /Users/Vangelis/.rbenv/versions/2.2.3/lib/ruby/2.2.0/monitor.rb:211:in `mon_synchronize'
  activerecord (4.2.8) lib/active_record/connection_adapters/abstract/connection_pool.rb:262:in `connection'
  activerecord (4.2.8) lib/active_record/connection_adapters/abstract/connection_pool.rb:571:in `retrieve_connection'
  activerecord (4.2.8) lib/active_record/connection_handling.rb:113:in `retrieve_connection'
  activerecord (4.2.8) lib/active_record/connection_handling.rb:87:in `connection'
  activerecord (4.2.8) lib/active_record/migration.rb:383:in `connection'
  activerecord (4.2.8) lib/active_record/migration.rb:370:in `call'
  actionpack (4.2.8) lib/action_dispatch/middleware/callbacks.rb:29:in `block in call'
  activesupport (4.2.8) lib/active_support/callbacks.rb:88:in `__run_callbacks__'
  activesupport (4.2.8) lib/active_support/callbacks.rb:778:in `_run_call_callbacks'
  activesupport (4.2.8) lib/active_support/callbacks.rb:81:in `run_callbacks'
  actionpack (4.2.8) lib/action_dispatch/middleware/callbacks.rb:27:in `call'
  actionpack (4.2.8) lib/action_dispatch/middleware/reloader.rb:73:in `call'
  actionpack (4.2.8) lib/action_dispatch/middleware/remote_ip.rb:78:in `call'
  actionpack (4.2.8) lib/action_dispatch/middleware/debug_exceptions.rb:17:in `call'
  actionpack (4.2.8) lib/action_dispatch/middleware/show_exceptions.rb:30:in `call'
  railties (4.2.8) lib/rails/rack/logger.rb:38:in `call_app'
  railties (4.2.8) lib/rails/rack/logger.rb:20:in `block in call'
  activesupport (4.2.8) lib/active_support/tagged_logging.rb:68:in `block in tagged'
  activesupport (4.2.8) lib/active_support/tagged_logging.rb:26:in `tagged'
  activesupport (4.2.8) lib/active_support/tagged_logging.rb:68:in `tagged'
  railties (4.2.8) lib/rails/rack/logger.rb:20:in `call'
  actionpack (4.2.8) lib/action_dispatch/middleware/request_id.rb:21:in `call'
  rack (1.6.8) lib/rack/runtime.rb:18:in `call'
  activesupport (4.2.8) lib/active_support/cache/strategy/local_cache_middleware.rb:28:in `call'
  rack (1.6.8) lib/rack/lock.rb:17:in `call'
  actionpack (4.2.8) lib/action_dispatch/middleware/static.rb:120:in `call'
  rack-cors (0.4.1) lib/rack/cors.rb:81:in `call'
  railties (4.2.8) lib/rails/engine.rb:518:in `call'
  railties (4.2.8) lib/rails/application.rb:165:in `call'
  rack (1.6.8) lib/rack/content_length.rb:15:in `call'
  puma (3.10.0) lib/puma/configuration.rb:225:in `call'
  puma (3.10.0) lib/puma/server.rb:605:in `handle_request'
  puma (3.10.0) lib/puma/server.rb:437:in `process_client'
  puma (3.10.0) lib/puma/server.rb:301:in `block in run'
  puma (3.10.0) lib/puma/thread_pool.rb:120:in `call'
  puma (3.10.0) lib/puma/thread_pool.rb:120:in `block in spawn_thread'


  Rendered /Users/Vangelis/.rbenv/versions/2.2.3/lib/ruby/gems/2.2.0/gems/actionpack-4.2.8/lib/action_dispatch/middleware/templates/rescues/_source.erb (8.5ms)
  Rendered /Users/Vangelis/.rbenv/versions/2.2.3/lib/ruby/gems/2.2.0/gems/actionpack-4.2.8/lib/action_dispatch/middleware/templates/rescues/_trace.html.erb (1.2ms)
  Rendered /Users/Vangelis/.rbenv/versions/2.2.3/lib/ruby/gems/2.2.0/gems/actionpack-4.2.8/lib/action_dispatch/middleware/templates/rescues/_request_and_response.html.erb (0.8ms)
  Rendered /Users/Vangelis/.rbenv/versions/2.2.3/lib/ruby/gems/2.2.0/gems/actionpack-4.2.8/lib/action_dispatch/middleware/templates/rescues/diagnostics.html.erb within rescues/layout (81.5ms)


Started GET "/" for ::1 at 2017-10-30 16:57:16 +0100

ActiveRecord::NoDatabaseError (FATAL:  database "module2_core_development" does not exist
):
  activerecord (4.2.8) lib/active_record/connection_adapters/postgresql_adapter.rb:661:in `rescue in connect'
  activerecord (4.2.8) lib/active_record/connection_adapters/postgresql_adapter.rb:651:in `connect'
  activerecord (4.2.8) lib/active_record/connection_adapters/postgresql_adapter.rb:242:in `initialize'
  activerecord (4.2.8) lib/active_record/connection_adapters/postgresql_adapter.rb:44:in `new'
  activerecord (4.2.8) lib/active_record/connection_adapters/postgresql_adapter.rb:44:in `postgresql_connection'
  activerecord (4.2.8) lib/active_record/connection_adapters/abstract/connection_pool.rb:438:in `new_connection'
  activerecord (4.2.8) lib/active_record/connection_adapters/abstract/connection_pool.rb:448:in `checkout_new_connection'
  activerecord (4.2.8) lib/active_record/connection_adapters/abstract/connection_pool.rb:422:in `acquire_connection'
  activerecord (4.2.8) lib/active_record/connection_adapters/abstract/connection_pool.rb:349:in `block in checkout'
  /Users/Vangelis/.rbenv/versions/2.2.3/lib/ruby/2.2.0/monitor.rb:211:in `mon_synchronize'
  activerecord (4.2.8) lib/active_record/connection_adapters/abstract/connection_pool.rb:348:in `checkout'
  activerecord (4.2.8) lib/active_record/connection_adapters/abstract/connection_pool.rb:263:in `block in connection'
  /Users/Vangelis/.rbenv/versions/2.2.3/lib/ruby/2.2.0/monitor.rb:211:in `mon_synchronize'
  activerecord (4.2.8) lib/active_record/connection_adapters/abstract/connection_pool.rb:262:in `connection'
  activerecord (4.2.8) lib/active_record/connection_adapters/abstract/connection_pool.rb:571:in `retrieve_connection'
  activerecord (4.2.8) lib/active_record/connection_handling.rb:113:in `retrieve_connection'
  activerecord (4.2.8) lib/active_record/connection_handling.rb:87:in `connection'
  activerecord (4.2.8) lib/active_record/migration.rb:383:in `connection'
  activerecord (4.2.8) lib/active_record/migration.rb:370:in `call'
  actionpack (4.2.8) lib/action_dispatch/middleware/callbacks.rb:29:in `block in call'
  activesupport (4.2.8) lib/active_support/callbacks.rb:88:in `__run_callbacks__'
  activesupport (4.2.8) lib/active_support/callbacks.rb:778:in `_run_call_callbacks'
  activesupport (4.2.8) lib/active_support/callbacks.rb:81:in `run_callbacks'
  actionpack (4.2.8) lib/action_dispatch/middleware/callbacks.rb:27:in `call'
  actionpack (4.2.8) lib/action_dispatch/middleware/reloader.rb:73:in `call'
  actionpack (4.2.8) lib/action_dispatch/middleware/remote_ip.rb:78:in `call'
  actionpack (4.2.8) lib/action_dispatch/middleware/debug_exceptions.rb:17:in `call'
  actionpack (4.2.8) lib/action_dispatch/middleware/show_exceptions.rb:30:in `call'
  railties (4.2.8) lib/rails/rack/logger.rb:38:in `call_app'
  railties (4.2.8) lib/rails/rack/logger.rb:20:in `block in call'
  activesupport (4.2.8) lib/active_support/tagged_logging.rb:68:in `block in tagged'
  activesupport (4.2.8) lib/active_support/tagged_logging.rb:26:in `tagged'
  activesupport (4.2.8) lib/active_support/tagged_logging.rb:68:in `tagged'
  railties (4.2.8) lib/rails/rack/logger.rb:20:in `call'
  actionpack (4.2.8) lib/action_dispatch/middleware/request_id.rb:21:in `call'
  rack (1.6.8) lib/rack/runtime.rb:18:in `call'
  activesupport (4.2.8) lib/active_support/cache/strategy/local_cache_middleware.rb:28:in `call'
  rack (1.6.8) lib/rack/lock.rb:17:in `call'
  actionpack (4.2.8) lib/action_dispatch/middleware/static.rb:120:in `call'
  rack-cors (0.4.1) lib/rack/cors.rb:81:in `call'
  railties (4.2.8) lib/rails/engine.rb:518:in `call'
  railties (4.2.8) lib/rails/application.rb:165:in `call'
  rack (1.6.8) lib/rack/content_length.rb:15:in `call'
  puma (3.10.0) lib/puma/configuration.rb:225:in `call'
  puma (3.10.0) lib/puma/server.rb:605:in `handle_request'
  puma (3.10.0) lib/puma/server.rb:437:in `process_client'
  puma (3.10.0) lib/puma/server.rb:301:in `block in run'
  puma (3.10.0) lib/puma/thread_pool.rb:120:in `call'
  puma (3.10.0) lib/puma/thread_pool.rb:120:in `block in spawn_thread'


  Rendered /Users/Vangelis/.rbenv/versions/2.2.3/lib/ruby/gems/2.2.0/gems/actionpack-4.2.8/lib/action_dispatch/middleware/templates/rescues/_source.erb (10.3ms)
  Rendered /Users/Vangelis/.rbenv/versions/2.2.3/lib/ruby/gems/2.2.0/gems/actionpack-4.2.8/lib/action_dispatch/middleware/templates/rescues/_trace.html.erb (1.4ms)
  Rendered /Users/Vangelis/.rbenv/versions/2.2.3/lib/ruby/gems/2.2.0/gems/actionpack-4.2.8/lib/action_dispatch/middleware/templates/rescues/_request_and_response.html.erb (1.1ms)
  Rendered /Users/Vangelis/.rbenv/versions/2.2.3/lib/ruby/gems/2.2.0/gems/actionpack-4.2.8/lib/action_dispatch/middleware/templates/rescues/diagnostics.html.erb within rescues/layout (73.8ms)
  [1m[36m (19.2ms)[0m  [1mCREATE TABLE "schema_migrations" ("version" character varying NOT NULL) [0m
  [1m[35m (3.4ms)[0m  CREATE UNIQUE INDEX  "unique_schema_migrations" ON "schema_migrations"  ("version")
  [1m[36mActiveRecord::SchemaMigration Load (0.2ms)[0m  [1mSELECT "schema_migrations".* FROM "schema_migrations"[0m
Migrating to CreateCities (20171020085927)
  [1m[35m (0.1ms)[0m  BEGIN
  [1m[36m (19.5ms)[0m  [1mCREATE TABLE "cities" ("id" serial primary key, "name" character varying, "created_at" timestamp NOT NULL, "updated_at" timestamp NOT NULL) [0m
  [1m[35mSQL (0.2ms)[0m  INSERT INTO "schema_migrations" ("version") VALUES ($1)  [["version", "20171020085927"]]
  [1m[36m (9.9ms)[0m  [1mCOMMIT[0m
  [1m[35mActiveRecord::SchemaMigration Load (0.3ms)[0m  SELECT "schema_migrations".* FROM "schema_migrations"
  [1m[36m (1.9ms)[0m  [1mSELECT t2.oid::regclass::text AS to_table, a1.attname AS column, a2.attname AS primary_key, c.conname AS name, c.confupdtype AS on_update, c.confdeltype AS on_delete
FROM pg_constraint c
JOIN pg_class t1 ON c.conrelid = t1.oid
JOIN pg_class t2 ON c.confrelid = t2.oid
JOIN pg_attribute a1 ON a1.attnum = c.conkey[1] AND a1.attrelid = t1.oid
JOIN pg_attribute a2 ON a2.attnum = c.confkey[1] AND a2.attrelid = t2.oid
JOIN pg_namespace t3 ON c.connamespace = t3.oid
WHERE c.contype = 'f'
  AND t1.relname = 'cities'
  AND t3.nspname = ANY (current_schemas(false))
ORDER BY c.conname
[0m


Started GET "/" for ::1 at 2017-10-30 17:03:58 +0100
  [1m[36mActiveRecord::SchemaMigration Load (0.8ms)[0m  [1mSELECT "schema_migrations".* FROM "schema_migrations"[0m
Processing by UiController#index as HTML
  Rendered ui/index.html.erb (453.5ms)
Completed 200 OK in 464ms (Views: 464.2ms | ActiveRecord: 0.0ms)


Started GET "/api/cities" for ::1 at 2017-10-30 17:03:59 +0100
Processing by CitiesController#index as JSON
  [1m[35mCity Load (1.3ms)[0m  SELECT "cities".* FROM "cities"
  Rendered cities/index.json.jbuilder (8.9ms)
Completed 200 OK in 16ms (Views: 12.3ms | ActiveRecord: 2.0ms)


Started GET "/" for ::1 at 2017-10-30 17:05:55 +0100
  [1m[36mActiveRecord::SchemaMigration Load (0.4ms)[0m  [1mSELECT "schema_migrations".* FROM "schema_migrations"[0m
Processing by UiController#index as HTML
  Rendered ui/index.html.erb (353.2ms)
Completed 200 OK in 366ms (Views: 365.6ms | ActiveRecord: 0.0ms)


Started GET "/api/cities" for ::1 at 2017-10-30 17:05:56 +0100
Processing by CitiesController#index as JSON
  [1m[35mCity Load (0.5ms)[0m  SELECT "cities".* FROM "cities"
  Rendered cities/index.json.jbuilder (6.0ms)
Completed 200 OK in 13ms (Views: 9.9ms | ActiveRecord: 1.9ms)
  [1m[36mActiveRecord::SchemaMigration Load (0.2ms)[0m  [1mSELECT "schema_migrations".* FROM "schema_migrations"[0m
  [1m[35mCity Load (0.3ms)[0m  SELECT "cities".* FROM "cities"
  [1m[36m (0.1ms)[0m  [1mBEGIN[0m
  [1m[35mSQL (0.5ms)[0m  INSERT INTO "cities" ("name", "created_at", "updated_at") VALUES ($1, $2, $3) RETURNING "id"  [["name", "Thessaloniki"], ["created_at", "2017-10-30 16:06:55.697381"], ["updated_at", "2017-10-30 16:06:55.697381"]]
  [1m[36m (0.6ms)[0m  [1mCOMMIT[0m
  [1m[35m (0.1ms)[0m  BEGIN
  [1m[36mSQL (0.2ms)[0m  [1mINSERT INTO "cities" ("name", "created_at", "updated_at") VALUES ($1, $2, $3) RETURNING "id"[0m  [["name", "Athens"], ["created_at", "2017-10-30 16:06:55.701051"], ["updated_at", "2017-10-30 16:06:55.701051"]]
  [1m[35m (0.4ms)[0m  COMMIT
  [1m[36m (0.2ms)[0m  [1mSELECT COUNT(*) FROM "cities"[0m


Started GET "/" for ::1 at 2017-10-30 17:07:13 +0100
  [1m[36mActiveRecord::SchemaMigration Load (0.5ms)[0m  [1mSELECT "schema_migrations".* FROM "schema_migrations"[0m
Processing by UiController#index as HTML
  Rendered ui/index.html.erb (322.1ms)
Completed 200 OK in 333ms (Views: 332.3ms | ActiveRecord: 0.0ms)


Started GET "/api/cities" for ::1 at 2017-10-30 17:07:13 +0100
Processing by CitiesController#index as JSON
  [1m[35mCity Load (0.9ms)[0m  SELECT "cities".* FROM "cities"
  Rendered cities/_city.json.jbuilder (1.8ms)
  Rendered cities/_city.json.jbuilder (0.7ms)
  Rendered cities/index.json.jbuilder (38.0ms)
Completed 200 OK in 45ms (Views: 39.6ms | ActiveRecord: 4.0ms)


Started DELETE "/api/cities/2" for ::1 at 2017-10-30 17:07:16 +0100
Processing by CitiesController#destroy as JSON
  Parameters: {"id"=>"2"}
  [1m[36mCity Load (0.2ms)[0m  [1mSELECT  "cities".* FROM "cities" WHERE "cities"."id" = $1 LIMIT 1[0m  [["id", 2]]
  [1m[35m (0.1ms)[0m  BEGIN
  [1m[36mSQL (0.2ms)[0m  [1mDELETE FROM "cities" WHERE "cities"."id" = $1[0m  [["id", 2]]
  [1m[35m (6.4ms)[0m  COMMIT
Completed 204 No Content in 17ms (ActiveRecord: 7.1ms)


Started DELETE "/api/cities/1" for ::1 at 2017-10-30 17:07:19 +0100
Processing by CitiesController#destroy as JSON
  Parameters: {"id"=>"1"}
  [1m[36mCity Load (0.6ms)[0m  [1mSELECT  "cities".* FROM "cities" WHERE "cities"."id" = $1 LIMIT 1[0m  [["id", 1]]
  [1m[35m (0.1ms)[0m  BEGIN
  [1m[36mSQL (0.8ms)[0m  [1mDELETE FROM "cities" WHERE "cities"."id" = $1[0m  [["id", 1]]
  [1m[35m (0.7ms)[0m  COMMIT
Completed 204 No Content in 4ms (ActiveRecord: 2.2ms)


Started GET "/" for ::1 at 2017-10-30 17:07:34 +0100
  [1m[36mActiveRecord::SchemaMigration Load (0.3ms)[0m  [1mSELECT "schema_migrations".* FROM "schema_migrations"[0m
Processing by UiController#index as HTML
  Rendered ui/index.html.erb (248.9ms)
Completed 200 OK in 259ms (Views: 258.7ms | ActiveRecord: 0.0ms)


Started GET "/api/cities" for ::1 at 2017-10-30 17:07:35 +0100
Processing by CitiesController#index as JSON
  [1m[35mCity Load (1.6ms)[0m  SELECT "cities".* FROM "cities"
  Rendered cities/index.json.jbuilder (15.1ms)
Completed 200 OK in 29ms (Views: 20.5ms | ActiveRecord: 6.0ms)
  [1m[36mActiveRecord::SchemaMigration Load (0.5ms)[0m  [1mSELECT "schema_migrations".* FROM "schema_migrations"[0m
  [1m[35mCity Load (0.3ms)[0m  SELECT "cities".* FROM "cities"
  [1m[36m (0.1ms)[0m  [1mBEGIN[0m
  [1m[35mSQL (0.3ms)[0m  INSERT INTO "cities" ("name", "created_at", "updated_at") VALUES ($1, $2, $3) RETURNING "id"  [["name", "Thessaloniki"], ["created_at", "2017-10-30 16:07:55.593992"], ["updated_at", "2017-10-30 16:07:55.593992"]]
  [1m[36m (0.6ms)[0m  [1mCOMMIT[0m
  [1m[35m (0.2ms)[0m  BEGIN
  [1m[36mSQL (0.2ms)[0m  [1mINSERT INTO "cities" ("name", "created_at", "updated_at") VALUES ($1, $2, $3) RETURNING "id"[0m  [["name", "Athens"], ["created_at", "2017-10-30 16:07:55.596844"], ["updated_at", "2017-10-30 16:07:55.596844"]]
  [1m[35m (0.7ms)[0m  COMMIT
  [1m[36m (0.2ms)[0m  [1mSELECT COUNT(*) FROM "cities"[0m


Started GET "/" for ::1 at 2017-10-30 17:08:13 +0100
  [1m[36mActiveRecord::SchemaMigration Load (0.4ms)[0m  [1mSELECT "schema_migrations".* FROM "schema_migrations"[0m
Processing by UiController#index as HTML
  Rendered ui/index.html.erb (408.7ms)
Completed 200 OK in 423ms (Views: 422.5ms | ActiveRecord: 0.0ms)


Started GET "/api/cities" for ::1 at 2017-10-30 17:08:13 +0100
Processing by CitiesController#index as JSON
  [1m[35mCity Load (1.3ms)[0m  SELECT "cities".* FROM "cities"
  Rendered cities/_city.json.jbuilder (2.1ms)
  Rendered cities/_city.json.jbuilder (0.8ms)
  Rendered cities/index.json.jbuilder (22.0ms)
Completed 200 OK in 30ms (Views: 20.5ms | ActiveRecord: 7.5ms)
